Arguments: 
  C:\Program Files\nodejs\node.exe C:\Program Files (x86)\Yarn\bin\yarn.js add reflect-metadata

PATH: 
  C:\WINDOWS\system32;C:\WINDOWS;C:\WINDOWS\System32\Wbem;C:\WINDOWS\System32\WindowsPowerShell\v1.0\;C:\Program Files\nodejs\;C:\Program Files\Git\cmd;C:\Program Files (x86)\Yarn\bin\;C:\Program Files (x86)\Windows Kits\8.1\Windows Performance Toolkit\;C:\Users\admin\AppData\Local\Microsoft\WindowsApps;C:\Users\admin\AppData\Roaming\npm;C:\Users\admin\AppData\Local\atom\bin;C:\Users\admin\AppData\Local\Microsoft\WindowsApps;;C:\Program Files\Microsoft VS Code\bin;C:\Users\admin\AppData\Local\Yarn\bin

Yarn version: 
  1.5.1

Node version: 
  9.8.0

Platform: 
  win32 x64

npm manifest: 
  {
    "name": "headless",
    "version": "1.0.0",
    "description": "",
    "main": "index.js",
    "directories": {
      "test": "test"
    },
    "scripts": {
      "test": "echo \"Error: no test specified\" && exit 1"
    },
    "author": "",
    "license": "ISC",
    "dependencies": {
      "chalk": "^2.3.0",
      "deeplearn": "^0.3.17",
      "ora": "^1.3.0",
      "puppeteer": "^0.12.0",
      "rxjs": "^5.5.6"
    },
    "devDependencies": {
      "@koa/cors": "^2.2.1",
      "koa": "^2.4.1",
      "koa-bodyparser": "^4.2.0",
      "koa-json-error": "^3.1.2",
      "koa-logger": "^3.1.0",
      "koa-router": "^7.3.0",
      "koa-static": "^4.0.2",
      "log4js": "^2.4.1",
      "mongoose": "^4.13.9"
    }
  }

yarn manifest: 
  No manifest

Lockfile: 
  No lockfile

Trace: 
  Error: D:\test\test\node_modules\puppeteer: Command failed.
  Exit code: 1
  Command: C:\WINDOWS\system32\cmd.exe
  Arguments: /d /s /c node install.js
  Directory: D:\test\test\node_modules\puppeteer
  Output:
  ERROR: Failed to download Chromium r508693! Set "PUPPETEER_SKIP_CHROMIUM_DOWNLOAD" env variable to skip download.
  { Error: connect ETIMEDOUT 172.217.160.112:443
      at TCPConnectWrap.afterConnect [as oncomplete] (net.js:1170:14)
    errno: 'ETIMEDOUT',
    code: 'ETIMEDOUT',
    syscall: 'connect',
    address: '172.217.160.112',
    port: 443 }
      at ProcessTermError.MessageError (C:\Program Files (x86)\Yarn\lib\cli.js:186:110)
      at new ProcessTermError (C:\Program Files (x86)\Yarn\lib\cli.js:226:113)
      at ChildProcess.<anonymous> (C:\Program Files (x86)\Yarn\lib\cli.js:30281:17)
      at ChildProcess.emit (events.js:180:13)
      at maybeClose (internal/child_process.js:936:16)
      at Socket.stream.socket.on (internal/child_process.js:353:11)
      at Socket.emit (events.js:180:13)
      at Pipe._handle.close [as _onclose] (net.js:538:12)
